neurofeedback_vr/Temp/gradleOut/launcher/build/intermediates/manifest_merge_blame_file/debug/manifest-merger-blame-debug-report.txt
1<?xml version="1.0" encoding="utf-8"?>
2<!-- GENERATED BY UNITY. REMOVE THIS COMMENT TO PREVENT OVERWRITING WHEN EXPORTING AGAIN -->
3<manifest xmlns:android="http://schemas.android.com/apk/res/android"
4    package="com.DefaultCompany.neurofeedback"
5    android:installLocation="preferExternal"
6    android:versionCode="1"
7    android:versionName="0.1" >
8
9    <uses-sdk
10        android:minSdkVersion="23"
10-->src/main/AndroidManifest.xml
11        android:targetSdkVersion="30" />
11-->src/main/AndroidManifest.xml
12
13    <supports-screens
13-->src/main/AndroidManifest.xml:4:3-163
14        android:anyDensity="true"
14-->src/main/AndroidManifest.xml:4:135-160
15        android:largeScreens="true"
15-->src/main/AndroidManifest.xml:4:78-105
16        android:normalScreens="true"
16-->src/main/AndroidManifest.xml:4:49-77
17        android:smallScreens="true"
17-->src/main/AndroidManifest.xml:4:21-48
18        android:xlargeScreens="true" />
18-->src/main/AndroidManifest.xml:4:106-134
19
20    <uses-feature android:glEsVersion="0x00030000" />
20-->[:unityLibrary] AndroidManifest.xml:14:5-54
20-->[:unityLibrary] AndroidManifest.xml:14:19-51
21
22    <uses-permission android:name="android.permission.INTERNET" />
22-->[:unityLibrary] AndroidManifest.xml:16:5-67
22-->[:unityLibrary] AndroidManifest.xml:16:22-64
23
24    <uses-feature
24-->[:unityLibrary] AndroidManifest.xml:18:5-20:36
25        android:name="android.hardware.touchscreen"
25-->[:unityLibrary] AndroidManifest.xml:19:9-52
26        android:required="false" />
26-->[:unityLibrary] AndroidManifest.xml:20:9-33
27    <uses-feature
27-->[:unityLibrary] AndroidManifest.xml:21:5-23:36
28        android:name="android.hardware.touchscreen.multitouch"
28-->[:unityLibrary] AndroidManifest.xml:22:9-63
29        android:required="false" />
29-->[:unityLibrary] AndroidManifest.xml:23:9-33
30    <uses-feature
30-->[:unityLibrary] AndroidManifest.xml:24:5-26:36
31        android:name="android.hardware.touchscreen.multitouch.distinct"
31-->[:unityLibrary] AndroidManifest.xml:25:9-72
32        android:required="false" />
32-->[:unityLibrary] AndroidManifest.xml:26:9-33
33    <uses-feature
33-->[:unityLibrary] AndroidManifest.xml:27:5-30:31
34        android:name="android.hardware.vr.headtracking"
34-->[:unityLibrary] AndroidManifest.xml:28:9-56
35        android:required="true"
35-->[:unityLibrary] AndroidManifest.xml:29:9-32
36        android:version="1" />
36-->[:unityLibrary] AndroidManifest.xml:30:9-28
37
38    <application
38-->src/main/AndroidManifest.xml:5:3-116
39        android:debuggable="true"
40        android:extractNativeLibs="true"
40-->src/main/AndroidManifest.xml:5:16-48
41        android:icon="@mipmap/app_icon"
41-->src/main/AndroidManifest.xml:5:82-113
42        android:label="@string/app_name" >
42-->src/main/AndroidManifest.xml:5:49-81
43        <activity
43-->[:unityLibrary] AndroidManifest.xml:33:9-54:20
44            android:name="com.unity3d.player.UnityPlayerActivity"
44-->[:unityLibrary] AndroidManifest.xml:34:13-66
45            android:configChanges="keyboard|keyboardHidden|navigation|orientation|screenLayout|screenSize|uiMode"
45-->[:unityLibrary] AndroidManifest.xml:35:13-114
46            android:hardwareAccelerated="false"
46-->[:unityLibrary] AndroidManifest.xml:36:13-48
47            android:launchMode="singleTask"
47-->[:unityLibrary] AndroidManifest.xml:37:13-44
48            android:resizeableActivity="false"
48-->[:unityLibrary] AndroidManifest.xml:38:13-47
49            android:screenOrientation="landscape"
49-->[:unityLibrary] AndroidManifest.xml:39:13-50
50            android:theme="@android:style/Theme.Black.NoTitleBar.Fullscreen" >
50-->[:unityLibrary] AndroidManifest.xml:40:13-77
51            <intent-filter>
51-->[:unityLibrary] AndroidManifest.xml:41:13-46:29
52                <action android:name="android.intent.action.MAIN" />
52-->[:unityLibrary] AndroidManifest.xml:42:17-69
52-->[:unityLibrary] AndroidManifest.xml:42:25-66
53
54                <category android:name="android.intent.category.LAUNCHER" />
54-->[:unityLibrary] AndroidManifest.xml:44:17-77
54-->[:unityLibrary] AndroidManifest.xml:44:27-74
55                <category android:name="com.oculus.intent.category.VR" />
55-->[:unityLibrary] AndroidManifest.xml:45:17-74
55-->[:unityLibrary] AndroidManifest.xml:45:27-71
56            </intent-filter>
57
58            <meta-data
58-->[:unityLibrary] AndroidManifest.xml:48:13-50:40
59                android:name="unityplayer.UnityActivity"
59-->[:unityLibrary] AndroidManifest.xml:49:17-57
60                android:value="true" />
60-->[:unityLibrary] AndroidManifest.xml:50:17-37
61            <meta-data
61-->[:unityLibrary] AndroidManifest.xml:51:13-53:40
62                android:name="com.oculus.vr.focusaware"
62-->[:unityLibrary] AndroidManifest.xml:52:17-56
63                android:value="true" />
63-->[:unityLibrary] AndroidManifest.xml:53:17-37
64        </activity>
65
66        <meta-data
66-->[:unityLibrary] AndroidManifest.xml:56:9-58:33
67            android:name="unity.splash-mode"
67-->[:unityLibrary] AndroidManifest.xml:57:13-45
68            android:value="0" />
68-->[:unityLibrary] AndroidManifest.xml:58:13-30
69        <meta-data
69-->[:unityLibrary] AndroidManifest.xml:59:9-61:36
70            android:name="unity.splash-enable"
70-->[:unityLibrary] AndroidManifest.xml:60:13-47
71            android:value="True" />
71-->[:unityLibrary] AndroidManifest.xml:61:13-33
72        <meta-data
72-->[:unityLibrary] AndroidManifest.xml:62:9-64:36
73            android:name="unity.launch-fullscreen"
73-->[:unityLibrary] AndroidManifest.xml:63:13-51
74            android:value="True" />
74-->[:unityLibrary] AndroidManifest.xml:64:13-33
75        <meta-data
75-->[:unityLibrary] AndroidManifest.xml:65:9-67:37
76            android:name="unity.allow-resizable-window"
76-->[:unityLibrary] AndroidManifest.xml:66:13-56
77            android:value="False" />
77-->[:unityLibrary] AndroidManifest.xml:67:13-34
78        <meta-data
78-->[:unityLibrary] AndroidManifest.xml:68:9-70:68
79            android:name="unity.build-id"
79-->[:unityLibrary] AndroidManifest.xml:69:13-42
80            android:value="572c0bd0-9e3c-4583-ab90-859bc06b07ef" />
80-->[:unityLibrary] AndroidManifest.xml:70:13-65
81        <meta-data
81-->[:unityLibrary] AndroidManifest.xml:71:9-73:39
82            android:name="com.samsung.android.vr.application.mode"
82-->[:unityLibrary] AndroidManifest.xml:72:13-67
83            android:value="vr_only" />
83-->[:unityLibrary] AndroidManifest.xml:73:13-36
84        <meta-data
84-->[:unityLibrary] AndroidManifest.xml:74:9-76:37
85            android:name="com.unity.xr.oculus.LowOverheadMode"
85-->[:unityLibrary] AndroidManifest.xml:75:13-63
86            android:value="false" />
86-->[:unityLibrary] AndroidManifest.xml:76:13-34
87        <meta-data
87-->[:unityLibrary] AndroidManifest.xml:77:9-79:44
88            android:name="com.oculus.supportedDevices"
88-->[:unityLibrary] AndroidManifest.xml:78:13-55
89            android:value="quest|quest2" />
89-->[:unityLibrary] AndroidManifest.xml:79:13-41
90    </application>
91
92</manifest>